1661116904 - INFO: Log level set to 6
STORE CALL: glXQueryExtension(0x55f867a08c10, 0x7fdad72b8b84, 0x7fdad72b8b80, )
1661116904 - DEBUG: RAISED STOP
1661116909 - INFO: OPERATION: 6
1661116909 - INFO: ORIG_GL: glXQueryExtension (0x7fdad73a93a0)
1661116909 - DEBUG: RAISED STOP
1661116909 - INFO: OPERATION: 22
STORE CALL: glXQueryVersion(0x55f867a08c10, 0x7fdad72b8b78, 0x7fdad72b8b7c, )
1661116909 - DEBUG: RAISED STOP
1661116909 - INFO: OPERATION: 6
1661116909 - INFO: ORIG_GL: glXQueryVersion (0x7fdad73a9860)
1661116909 - DEBUG: RAISED STOP
1661116909 - INFO: OPERATION: 22
STORE CALL: glXQueryExtensionsString(0x55f867a08c10, 0, )
1661116909 - DEBUG: RAISED STOP
1661116909 - INFO: OPERATION: 6
1661116909 - INFO: ORIG_GL: glXQueryExtensionsString (0x7fdad73a93c0)
1661116909 - DEBUG: RAISED STOP
1661116909 - INFO: OPERATION: 22
STORE CALL: glXQueryExtensionsString(0x55f867a08c10, 0, )
1661116909 - DEBUG: RAISED STOP
1661116909 - INFO: OPERATION: 6
1661116909 - INFO: ORIG_GL: glXQueryExtensionsString (0x7fdad73a93c0)
1661116909 - DEBUG: RAISED STOP
1661116909 - INFO: OPERATION: 22
STORE CALL: glXQueryExtensionsString(0x55f867a08c10, 0, )
1661116909 - DEBUG: RAISED STOP
1661116909 - INFO: OPERATION: 6
1661116909 - INFO: ORIG_GL: glXQueryExtensionsString (0x7fdad73a93c0)
1661116909 - DEBUG: RAISED STOP
1661116909 - INFO: OPERATION: 22
STORE CALL: glXQueryExtensionsString(0x55f867a08c10, 0, )
1661116909 - DEBUG: RAISED STOP
1661116909 - INFO: OPERATION: 6
1661116909 - INFO: ORIG_GL: glXQueryExtensionsString (0x7fdad73a93c0)
1661116909 - DEBUG: RAISED STOP
1661116909 - INFO: OPERATION: 22
STORE CALL: glXQueryExtensionsString(0x55f867a08c10, 0, )
1661116909 - DEBUG: RAISED STOP
1661116909 - INFO: OPERATION: 6
1661116909 - INFO: ORIG_GL: glXQueryExtensionsString (0x7fdad73a93c0)
1661116909 - DEBUG: RAISED STOP
1661116909 - INFO: OPERATION: 22
STORE CALL: glXQueryExtensionsString(0x55f867a08c10, 0, )
1661116909 - DEBUG: RAISED STOP
1661116909 - INFO: OPERATION: 6
1661116909 - INFO: ORIG_GL: glXQueryExtensionsString (0x7fdad73a93c0)
1661116909 - DEBUG: RAISED STOP
1661116909 - INFO: OPERATION: 22
STORE CALL: glXQueryExtensionsString(0x55f867a08c10, 0, )
1661116909 - DEBUG: RAISED STOP
1661116909 - INFO: OPERATION: 6
1661116909 - INFO: ORIG_GL: glXQueryExtensionsString (0x7fdad73a93c0)
1661116909 - DEBUG: RAISED STOP
1661116909 - INFO: OPERATION: 22
STORE CALL: glXQueryExtensionsString(0x55f867a08c10, 0, )
1661116909 - DEBUG: RAISED STOP
1661116909 - INFO: OPERATION: 6
1661116909 - INFO: ORIG_GL: glXQueryExtensionsString (0x7fdad73a93c0)
1661116909 - DEBUG: RAISED STOP
1661116909 - INFO: OPERATION: 22
STORE CALL: glXQueryExtensionsString(0x55f867a08c10, 0, )
1661116909 - DEBUG: RAISED STOP
1661116909 - INFO: OPERATION: 6
1661116909 - INFO: ORIG_GL: glXQueryExtensionsString (0x7fdad73a93c0)
1661116909 - DEBUG: RAISED STOP
1661116909 - INFO: OPERATION: 22
STORE CALL: glXQueryExtensionsString(0x55f867a08c10, 0, )
1661116909 - DEBUG: RAISED STOP
1661116909 - INFO: OPERATION: 6
1661116909 - INFO: ORIG_GL: glXQueryExtensionsString (0x7fdad73a93c0)
1661116909 - DEBUG: RAISED STOP
1661116909 - INFO: OPERATION: 22
STORE CALL: glXQueryExtensionsString(0x55f867a08c10, 0, )
1661116909 - DEBUG: RAISED STOP
1661116909 - INFO: OPERATION: 6
1661116909 - INFO: ORIG_GL: glXQueryExtensionsString (0x7fdad73a93c0)
1661116909 - DEBUG: RAISED STOP
1661116909 - INFO: OPERATION: 22
STORE CALL: glXQueryExtensionsString(0x55f867a08c10, 0, )
1661116909 - DEBUG: RAISED STOP
1661116909 - INFO: OPERATION: 6
1661116909 - INFO: ORIG_GL: glXQueryExtensionsString (0x7fdad73a93c0)
1661116909 - DEBUG: RAISED STOP
1661116909 - INFO: OPERATION: 22
STORE CALL: glXGetClientString(0x55f867a08c10, 1, )
1661116909 - DEBUG: RAISED STOP
1661116909 - INFO: OPERATION: 6
1661116909 - INFO: ORIG_GL: glXGetClientString (0x7fdad73a8520)
1661116909 - DEBUG: RAISED STOP
1661116909 - INFO: OPERATION: 22
STORE CALL: glXGetFBConfigs(0x55f867a08c10, 0, 0x7ffcca5f37b0, )
1661116909 - DEBUG: RAISED STOP
1661116909 - INFO: OPERATION: 6
1661116909 - INFO: ORIG_GL: glXGetFBConfigs (0x7fdad73a8840)
1661116909 - DEBUG: RAISED STOP
1661116909 - INFO: OPERATION: 22
